[debug] [2025-12-17T10:27:00.494Z] ----------------------------------------------------------------------
[debug] [2025-12-17T10:27:00.501Z] Command:       C:\nvm4w\nodejs\node.exe C:\Users\arnav\AppData\Roaming\npm\node_modules\firebase-tools\lib\bin\firebase.js init functions
[debug] [2025-12-17T10:27:00.501Z] CLI Version:   14.17.0
[debug] [2025-12-17T10:27:00.501Z] Platform:      win32
[debug] [2025-12-17T10:27:00.502Z] Node Version:  v25.2.1
[debug] [2025-12-17T10:27:00.502Z] Time:          Wed Dec 17 2025 15:57:00 GMT+0530 (India Standard Time)
[debug] [2025-12-17T10:27:00.502Z] ----------------------------------------------------------------------
[debug] 
[debug] [2025-12-17T10:27:00.505Z] >>> [apiv2][query] GET https://firebase-public.firebaseio.com/cli.json [none]
[debug] [2025-12-17T10:27:00.558Z] > command requires scopes: ["email","openid","https://www.googleapis.com/auth/cloudplatformprojects.readonly","https://www.googleapis.com/auth/firebase","https://www.googleapis.com/auth/cloud-platform"]
[debug] [2025-12-17T10:27:00.559Z] > authorizing via signed-in user (arnavsudeesh@gmail.com)
[info] 
     ######## #### ########  ######## ########     ###     ######  ########
     ##        ##  ##     ## ##       ##     ##  ##   ##  ##       ##
     ######    ##  ########  ######   ########  #########  ######  ######
     ##        ##  ##    ##  ##       ##     ## ##     ##       ## ##
     ##       #### ##     ## ######## ########  ##     ##  ######  ########

You're about to initialize a Firebase project in this directory:

  C:\Projects\AutoDoc\backend-fn

Before we get started, keep in mind:

  * You are currently outside your home directory

[info] 
=== Project Setup
[info] 
[info] First, let's associate this project directory with a Firebase project.
[info] You can create multiple project aliases by running firebase use --add, 
[info] but for now we'll just set up a default project.
[info] 
[debug] [2025-12-17T10:27:01.389Z] <<< [apiv2][status] GET https://firebase-public.firebaseio.com/cli.json 200
[debug] [2025-12-17T10:27:01.390Z] <<< [apiv2][body] GET https://firebase-public.firebaseio.com/cli.json {"cloudBuildErrorAfter":1594252800000,"cloudBuildWarnAfter":1590019200000,"defaultNode10After":1594252800000,"minVersion":"3.0.5","node8DeploysDisabledAfter":1613390400000,"node8RuntimeDisabledAfter":1615809600000,"node8WarnAfter":1600128000000}
